<?xml version="1.0" encoding="UTF-8"?>
<coverage generated="1769014033055" clover="3.2.0">
  <project timestamp="1769014033055" name="All files">
    <metrics statements="21" coveredstatements="21" conditionals="11" coveredconditionals="9" methods="13" coveredmethods="13" elements="45" coveredelements="43" complexity="0" loc="21" ncloc="21" packages="3" files="5" classes="5"/>
    <package name="src">
      <metrics statements="10" coveredstatements="10" conditionals="4" coveredconditionals="2" methods="4" coveredmethods="4"/>
      <file name="FirstStepsApp.tsx" path="C:\Users\USER\Desktop\React\first-steps\src\FirstStepsApp.tsx">
        <metrics statements="3" coveredstatements="3" conditionals="0" coveredconditionals="0" methods="2" coveredmethods="2"/>
        <line num="8" count="1" type="stmt"/>
        <line num="16" count="3" type="stmt"/>
        <line num="20" count="12" type="stmt"/>
      </file>
      <file name="MyAwesomeApp.tsx" path="C:\Users\USER\Desktop\React\first-steps\src\MyAwesomeApp.tsx">
        <metrics statements="7" coveredstatements="7" conditionals="4" coveredconditionals="2" methods="2" coveredmethods="2"/>
        <line num="3" count="1" type="stmt"/>
        <line num="4" count="1" type="stmt"/>
        <line num="5" count="1" type="stmt"/>
        <line num="7" count="1" type="stmt"/>
        <line num="8" count="1" type="stmt"/>
        <line num="16" count="4" type="stmt"/>
        <line num="23" count="12" type="stmt"/>
      </file>
    </package>
    <package name="src.helpers">
      <metrics statements="4" coveredstatements="4" conditionals="0" coveredconditionals="0" methods="4" coveredmethods="4"/>
      <file name="math.helper.ts" path="C:\Users\USER\Desktop\React\first-steps\src\helpers\math.helper.ts">
        <metrics statements="4" coveredstatements="4" conditionals="0" coveredconditionals="0" methods="4" coveredmethods="4"/>
        <line num="1" count="2" type="stmt"/>
        <line num="3" count="2" type="stmt"/>
        <line num="5" count="2" type="stmt"/>
        <line num="7" count="1" type="stmt"/>
      </file>
    </package>
    <package name="src.shopping-cart">
      <metrics statements="7" coveredstatements="7" conditionals="7" coveredconditionals="7" methods="5" coveredmethods="5"/>
      <file name="ItemCounter.module.css" path="C:\Users\USER\Desktop\React\first-steps\src\shopping-cart\ItemCounter.module.css">
        <metrics statements="0" coveredstatements="0" conditionals="0" coveredconditionals="0" methods="0" coveredmethods="0"/>
      </file>
      <file name="ItemCounter.tsx" path="C:\Users\USER\Desktop\React\first-steps\src\shopping-cart\ItemCounter.tsx">
        <metrics statements="7" coveredstatements="7" conditionals="7" coveredconditionals="7" methods="5" coveredmethods="5"/>
        <line num="10" count="1" type="cond" truecount="1" falsecount="0"/>
        <line num="11" count="13" type="stmt"/>
        <line num="13" count="13" type="stmt"/>
        <line num="14" count="3" type="cond" truecount="2" falsecount="0"/>
        <line num="17" count="13" type="stmt"/>
        <line num="18" count="3" type="cond" truecount="2" falsecount="0"/>
        <line num="21" count="13" type="stmt"/>
      </file>
    </package>
  </project>
</coverage>
