{"C:\\Users\\USER\\Desktop\\React\\first-steps\\src\\FirstStepsApp.tsx": {"path":"C:\\Users\\USER\\Desktop\\React\\first-steps\\src\\FirstStepsApp.tsx","statementMap":{"0":{"start":{"line":8,"column":34},"end":{"line":13,"column":null}},"1":{"start":{"line":16,"column":2},"end":{"line":22,"column":null}},"2":{"start":{"line":20,"column":24},"end":{"line":22,"column":null}}},"fnMap":{"0":{"name":"FirstStepsApp","decl":{"start":{"line":15,"column":24},"end":{"line":15,"column":null}},"loc":{"start":{"line":15,"column":24},"end":{"line":29,"column":null}},"line":15},"1":{"name":"(anonymous_1)","decl":{"start":{"line":20,"column":23},"end":{"line":20,"column":24}},"loc":{"start":{"line":20,"column":24},"end":{"line":22,"column":null}},"line":20}},"branchMap":{},"s":{"0":1,"1":3,"2":12},"f":{"0":3,"1":12},"b":{},"meta":{"lastBranch":0,"lastFunction":2,"lastStatement":3,"seen":{"s:8:34:13:Infinity":0,"f:15:24:15:Infinity":0,"s:16:2:22:Infinity":1,"f:20:23:20:24":1,"s:20:24:22:Infinity":2}}}
,"C:\\Users\\USER\\Desktop\\React\\first-steps\\src\\MyAwesomeApp.tsx": {"path":"C:\\Users\\USER\\Desktop\\React\\first-steps\\src\\MyAwesomeApp.tsx","statementMap":{"0":{"start":{"line":3,"column":18},"end":{"line":3,"column":null}},"1":{"start":{"line":4,"column":17},"end":{"line":4,"column":null}},"2":{"start":{"line":5,"column":17},"end":{"line":5,"column":null}},"3":{"start":{"line":7,"column":27},"end":{"line":7,"column":null}},"4":{"start":{"line":8,"column":32},"end":{"line":13,"column":null}},"5":{"start":{"line":16,"column":2},"end":{"line":31,"column":null}},"6":{"start":{"line":23,"column":31},"end":{"line":24,"column":null}}},"fnMap":{"0":{"name":"MyAwesomeApp","decl":{"start":{"line":15,"column":16},"end":{"line":15,"column":null}},"loc":{"start":{"line":15,"column":16},"end":{"line":34,"column":null}},"line":15},"1":{"name":"(anonymous_1)","decl":{"start":{"line":23,"column":30},"end":{"line":23,"column":31}},"loc":{"start":{"line":23,"column":31},"end":{"line":24,"column":null}},"line":23}},"branchMap":{"0":{"loc":{"start":{"line":9,"column":19},"end":{"line":9,"column":null}},"type":"cond-expr","locations":[{"start":{"line":9,"column":30},"end":{"line":9,"column":40}},{"start":{"line":9,"column":40},"end":{"line":9,"column":null}}],"line":9},"1":{"loc":{"start":{"line":29,"column":11},"end":{"line":29,"column":null}},"type":"cond-expr","locations":[{"start":{"line":29,"column":22},"end":{"line":29,"column":33}},{"start":{"line":29,"column":33},"end":{"line":29,"column":null}}],"line":29}},"s":{"0":1,"1":1,"2":1,"3":1,"4":1,"5":4,"6":12},"f":{"0":4,"1":12},"b":{"0":[1,0],"1":[4,0]},"meta":{"lastBranch":2,"lastFunction":2,"lastStatement":7,"seen":{"s:3:18:3:Infinity":0,"s:4:17:4:Infinity":1,"s:5:17:5:Infinity":2,"s:7:27:7:Infinity":3,"s:8:32:13:Infinity":4,"b:9:30:9:40:9:40:9:Infinity":0,"f:15:16:15:Infinity":0,"s:16:2:31:Infinity":5,"f:23:30:23:31":1,"s:23:31:24:Infinity":6,"b:29:22:29:33:29:33:29:Infinity":1}}}
,"C:\\Users\\USER\\Desktop\\React\\first-steps\\src\\helpers\\math.helper.ts": {"path":"C:\\Users\\USER\\Desktop\\React\\first-steps\\src\\helpers\\math.helper.ts","statementMap":{"0":{"start":{"line":1,"column":19},"end":{"line":1,"column":null}},"1":{"start":{"line":1,"column":59},"end":{"line":1,"column":null}},"2":{"start":{"line":3,"column":24},"end":{"line":3,"column":null}},"3":{"start":{"line":3,"column":64},"end":{"line":3,"column":null}},"4":{"start":{"line":5,"column":24},"end":{"line":5,"column":null}},"5":{"start":{"line":5,"column":64},"end":{"line":5,"column":null}},"6":{"start":{"line":7,"column":22},"end":{"line":7,"column":null}},"7":{"start":{"line":7,"column":62},"end":{"line":7,"column":null}}},"fnMap":{"0":{"name":"(anonymous_0)","decl":{"start":{"line":1,"column":19},"end":{"line":1,"column":20}},"loc":{"start":{"line":1,"column":59},"end":{"line":1,"column":null}},"line":1},"1":{"name":"(anonymous_1)","decl":{"start":{"line":3,"column":24},"end":{"line":3,"column":25}},"loc":{"start":{"line":3,"column":64},"end":{"line":3,"column":null}},"line":3},"2":{"name":"(anonymous_2)","decl":{"start":{"line":5,"column":24},"end":{"line":5,"column":25}},"loc":{"start":{"line":5,"column":64},"end":{"line":5,"column":null}},"line":5},"3":{"name":"(anonymous_3)","decl":{"start":{"line":7,"column":22},"end":{"line":7,"column":23}},"loc":{"start":{"line":7,"column":62},"end":{"line":7,"column":null}},"line":7}},"branchMap":{},"s":{"0":1,"1":2,"2":1,"3":2,"4":1,"5":2,"6":1,"7":1},"f":{"0":2,"1":2,"2":2,"3":1},"b":{},"meta":{"lastBranch":0,"lastFunction":4,"lastStatement":8,"seen":{"s:1:19:1:Infinity":0,"f:1:19:1:20":0,"s:1:59:1:Infinity":1,"s:3:24:3:Infinity":2,"f:3:24:3:25":1,"s:3:64:3:Infinity":3,"s:5:24:5:Infinity":4,"f:5:24:5:25":2,"s:5:64:5:Infinity":5,"s:7:22:7:Infinity":6,"f:7:22:7:23":3,"s:7:62:7:Infinity":7}}}
,"C:\\Users\\USER\\Desktop\\React\\first-steps\\src\\shopping-cart\\ItemCounter.module.css": {"path":"C:\\Users\\USER\\Desktop\\React\\first-steps\\src\\shopping-cart\\ItemCounter.module.css","statementMap":{},"fnMap":{},"branchMap":{},"s":{},"f":{},"b":{},"meta":{"lastBranch":0,"lastFunction":0,"lastStatement":0,"seen":{}}}
,"C:\\Users\\USER\\Desktop\\React\\first-steps\\src\\shopping-cart\\ItemCounter.tsx": {"path":"C:\\Users\\USER\\Desktop\\React\\first-steps\\src\\shopping-cart\\ItemCounter.tsx","statementMap":{"0":{"start":{"line":10,"column":27},"end":{"line":35,"column":null}},"1":{"start":{"line":11,"column":41},"end":{"line":11,"column":null}},"2":{"start":{"line":13,"column":39},"end":{"line":15,"column":null}},"3":{"start":{"line":14,"column":4},"end":{"line":14,"column":null}},"4":{"start":{"line":14,"column":55},"end":{"line":14,"column":null}},"5":{"start":{"line":17,"column":39},"end":{"line":19,"column":null}},"6":{"start":{"line":18,"column":4},"end":{"line":18,"column":null}},"7":{"start":{"line":18,"column":53},"end":{"line":18,"column":null}},"8":{"start":{"line":21,"column":2},"end":{"line":32,"column":null}}},"fnMap":{"0":{"name":"(anonymous_0)","decl":{"start":{"line":10,"column":27},"end":{"line":10,"column":28}},"loc":{"start":{"line":10,"column":69},"end":{"line":35,"column":null}},"line":10},"1":{"name":"(anonymous_1)","decl":{"start":{"line":13,"column":39},"end":{"line":13,"column":null}},"loc":{"start":{"line":13,"column":39},"end":{"line":15,"column":null}},"line":13},"2":{"name":"(anonymous_2)","decl":{"start":{"line":14,"column":44},"end":{"line":14,"column":45}},"loc":{"start":{"line":14,"column":55},"end":{"line":14,"column":null}},"line":14},"3":{"name":"(anonymous_3)","decl":{"start":{"line":17,"column":39},"end":{"line":17,"column":null}},"loc":{"start":{"line":17,"column":39},"end":{"line":19,"column":null}},"line":17},"4":{"name":"(anonymous_4)","decl":{"start":{"line":18,"column":42},"end":{"line":18,"column":43}},"loc":{"start":{"line":18,"column":53},"end":{"line":18,"column":null}},"line":18}},"branchMap":{"0":{"loc":{"start":{"line":10,"column":36},"end":{"line":10,"column":49}},"type":"default-arg","locations":[{"start":{"line":10,"column":47},"end":{"line":10,"column":49}}],"line":10},"1":{"loc":{"start":{"line":14,"column":4},"end":{"line":14,"column":null}},"type":"binary-expr","locations":[{"start":{"line":14,"column":4},"end":{"line":14,"column":27}},{"start":{"line":14,"column":27},"end":{"line":14,"column":null}}],"line":14},"2":{"loc":{"start":{"line":18,"column":4},"end":{"line":18,"column":null}},"type":"binary-expr","locations":[{"start":{"line":18,"column":4},"end":{"line":18,"column":25}},{"start":{"line":18,"column":25},"end":{"line":18,"column":null}}],"line":18},"3":{"loc":{"start":{"line":27,"column":17},"end":{"line":27,"column":null}},"type":"cond-expr","locations":[{"start":{"line":27,"column":39},"end":{"line":27,"column":47}},{"start":{"line":27,"column":47},"end":{"line":27,"column":null}}],"line":27}},"s":{"0":1,"1":13,"2":13,"3":3,"4":2,"5":13,"6":3,"7":2,"8":13},"f":{"0":13,"1":3,"2":2,"3":3,"4":2},"b":{"0":[13],"1":[3,2],"2":[3,2],"3":[3,10]},"meta":{"lastBranch":4,"lastFunction":5,"lastStatement":9,"seen":{"s:10:27:35:Infinity":0,"f:10:27:10:28":0,"b:10:47:10:49":0,"s:11:41:11:Infinity":1,"s:13:39:15:Infinity":2,"f:13:39:13:Infinity":1,"s:14:4:14:Infinity":3,"b:14:4:14:27:14:27:14:Infinity":1,"f:14:44:14:45":2,"s:14:55:14:Infinity":4,"s:17:39:19:Infinity":5,"f:17:39:17:Infinity":3,"s:18:4:18:Infinity":6,"b:18:4:18:25:18:25:18:Infinity":2,"f:18:42:18:43":4,"s:18:53:18:Infinity":7,"s:21:2:32:Infinity":8,"b:27:39:27:47:27:47:27:Infinity":3}}}
}
